Flutter crash report.
Please report a bug at https://github.com/flutter/flutter/issues.

## command

flutter run --machine --target lib/main.dart -d bbd4df557e2d987e3f4925c1048f8057dffd8517 --track-widget-creation --dart-define=flutter.inspector.structuredErrors=true --start-paused --web-server-debug-protocol ws --web-server-debug-backend-protocol ws --web-allow-expose-url

## exception

ClientException: Connection closed while receiving data

```
#0      IOClient.send.<anonymous closure> (package:http/src/io_client.dart:50:13)
#1      _invokeErrorHandler (dart:async/async_error.dart:16:24)
#2      _HandleErrorStream._handleError (dart:async/stream_pipe.dart:282:9)
#3      _ForwardingStreamSubscription._handleError (dart:async/stream_pipe.dart:161:13)
#4      _HttpClientResponse.listen.<anonymous closure> (dart:_http/http_impl.dart:441:16)
#5      _rootRunBinary (dart:async/zone.dart:1214:47)
#6      _CustomZone.runBinary (dart:async/zone.dart:1107:19)
#7      _CustomZone.runBinaryGuarded (dart:async/zone.dart:1013:7)
#8      _BufferingStreamSubscription._sendError.sendError (dart:async/stream_impl.dart:376:15)
#9      _BufferingStreamSubscription._sendError (dart:async/stream_impl.dart:394:16)
#10     _BufferingStreamSubscription._addError (dart:async/stream_impl.dart:294:7)
#11     _ForwardingStreamSubscription._addError (dart:async/stream_pipe.dart:132:11)
#12     _addErrorWithReplacement (dart:async/stream_pipe.dart:180:8)
#13     _HandleErrorStream._handleError (dart:async/stream_pipe.dart:287:11)
#14     _ForwardingStreamSubscription._handleError (dart:async/stream_pipe.dart:161:13)
#15     _rootRunBinary (dart:async/zone.dart:1214:47)
#16     _CustomZone.runBinary (dart:async/zone.dart:1107:19)
#17     _CustomZone.runBinaryGuarded (dart:async/zone.dart:1013:7)
#18     _BufferingStreamSubscription._sendError.sendError (dart:async/stream_impl.dart:376:15)
#19     _BufferingStreamSubscription._sendError (dart:async/stream_impl.dart:394:16)
#20     _BufferingStreamSubscription._addError (dart:async/stream_impl.dart:294:7)
#21     _SyncStreamControllerDispatch._sendError (dart:async/stream_controller.dart:812:19)
#22     _StreamController._addError (dart:async/stream_controller.dart:690:7)
#23     _StreamController.addError (dart:async/stream_controller.dart:642:5)
#24     _HttpParser._reportBodyError (dart:_http/http_parser.dart:1158:22)
#25     _HttpParser._onDone (dart:_http/http_parser.dart:865:9)
#26     _rootRun (dart:async/zone.dart:1182:47)
#27     _CustomZone.run (dart:async/zone.dart:1093:19)
#28     _CustomZone.runGuarded (dart:async/zone.dart:997:7)
#29     _BufferingStreamSubscription._sendDone.sendDone (dart:async/stream_impl.dart:410:13)
#30     _BufferingStreamSubscription._sendDone (dart:async/stream_impl.dart:420:15)
#31     _BufferingStreamSubscription._close (dart:async/stream_impl.dart:305:7)
#32     _SyncStreamControllerDispatch._sendDone (dart:async/stream_controller.dart:816:19)
#33     _StreamController._closeUnchecked (dart:async/stream_controller.dart:671:7)
#34     _StreamController.close (dart:async/stream_controller.dart:664:5)
#35     _Socket._onData (dart:io-patch/socket_patch.dart:1976:21)
#36     _rootRunUnary (dart:async/zone.dart:1206:13)
#37     _CustomZone.runUnary (dart:async/zone.dart:1100:19)
#38     _CustomZone.runUnaryGuarded (dart:async/zone.dart:1005:7)
#39     _BufferingStreamSubscription._sendData (dart:async/stream_impl.dart:357:11)
#40     _BufferingStreamSubscription._add (dart:async/stream_impl.dart:285:7)
#41     _SyncStreamControllerDispatch._sendData (dart:async/stream_controller.dart:808:19)
#42     _StreamController._add (dart:async/stream_controller.dart:682:7)
#43     _StreamController.add (dart:async/stream_controller.dart:624:5)
#44     new _RawSocket.<anonymous closure> (dart:io-patch/socket_patch.dart:1512:35)
#45     _NativeSocket.issueReadEvent.issue (dart:io-patch/socket_patch.dart:1010:18)
#46     _microtaskLoop (dart:async/schedule_microtask.dart:41:21)
#47     _startMicrotaskLoop (dart:async/schedule_microtask.dart:50:5)
#48     _runPendingImmediateCallback (dart:isolate-patch/isolate_patch.dart:118:13)
#49     _RawReceivePortImpl._handleMessage (dart:isolate-patch/isolate_patch.dart:169:5)
```

## flutter doctor

```
[✓] Flutter (Channel master, 1.24.0-4.0.pre.138, on Mac OS X 10.15.6 19G2021 darwin-x64, locale en-IN)
    • Flutter version 1.24.0-4.0.pre.138 at /Volumes/HDD2/flutter
    • Framework revision 13896b3bd1 (2 days ago), 2020-10-28 19:43:19 -0700
    • Engine revision 073263e39d
    • Dart version 2.11.0 (build 2.11.0-260.0.dev)

[✓] Android toolchain - develop for Android devices (Android SDK version 29.0.3)
    • Android SDK at /Users/honey/Library/Android/sdk
    • Platform android-29, build-tools 29.0.3
    • Java binary at: /Applications/Android Studio.app/Contents/jre/jdk/Contents/Home/bin/java
    • Java version OpenJDK Runtime Environment (build 1.8.0_242-release-1644-b3-6222593)
    • All Android licenses accepted.

[✓] Xcode - develop for iOS and macOS (Xcode 11.6)
    • Xcode at /Applications/Xcode.app/Contents/Developer
    • Xcode 11.6, Build version 11E708
    • CocoaPods version 1.9.3

[✓] Android Studio (version 4.0)
    • Android Studio at /Applications/Android Studio.app/Contents
    • Flutter plugin can be installed from:
      🔨 https://plugins.jetbrains.com/plugin/9212-flutter
    • Dart plugin can be installed from:
      🔨 https://plugins.jetbrains.com/plugin/6351-dart
    • Java version OpenJDK Runtime Environment (build 1.8.0_242-release-1644-b3-6222593)

[✓] VS Code (version 1.50.1)
    • VS Code at /Applications/Visual Studio Code.app/Contents
    • Flutter extension version 3.15.1

[✓] Connected device (1 available)
    • iPhone (mobile) • bbd4df557e2d987e3f4925c1048f8057dffd8517 • ios • iOS 13.6

• No issues found!
```
